c:\users\11862\desktop\vs_code\fluid-simulation\stable-fluid\stable-fluid\stable-fluid\x64\release\vc143.pdb
c:\users\11862\desktop\vs_code\fluid-simulation\stable-fluid\stable-fluid\stable-fluid\x64\release\shader.obj
c:\users\11862\desktop\vs_code\fluid-simulation\stable-fluid\stable-fluid\stable-fluid\x64\release\main.obj
c:\users\11862\desktop\vs_code\fluid-simulation\stable-fluid\stable-fluid\stable-fluid\x64\release\fluid-euler.obj
c:\users\11862\desktop\vs_code\fluid-simulation\stable-fluid\stable-fluid\stable-fluid\x64\release\draw.obj
c:\users\11862\desktop\vs_code\fluid-simulation\stable-fluid\stable-fluid\stable-fluid\x64\release\camera.obj
c:\users\11862\desktop\vs_code\fluid-simulation\stable-fluid\stable-fluid\stable-fluid\x64\release\geometry.obj
c:\users\11862\desktop\vs_code\fluid-simulation\stable-fluid\stable-fluid\stable-fluid\x64\release\glad.obj
c:\users\11862\desktop\vs_code\fluid-simulation\stable-fluid\stable-fluid\stable-fluid\x64\release\rigidbody.obj
c:\users\11862\desktop\vs_code\fluid-simulation\stable-fluid\stable-fluid\stable-fluid\x64\release\solver.obj
c:\users\11862\desktop\vs_code\fluid-simulation\stable-fluid\stable-fluid\x64\release\stable-fluid.exe
c:\users\11862\desktop\vs_code\fluid-simulation\stable-fluid\stable-fluid\stable-fluid\x64\release\stable-fluid.ipdb
c:\users\11862\desktop\vs_code\fluid-simulation\stable-fluid\stable-fluid\x64\release\stable-fluid.pdb
c:\users\11862\desktop\vs_code\fluid-simulation\stable-fluid\stable-fluid\stable-fluid\x64\release\stable-fluid.iobj
c:\users\11862\desktop\vs_code\fluid-simulation\stable-fluid\stable-fluid\stable-fluid\x64\release\test.cu.cache
c:\users\11862\desktop\vs_code\fluid-simulation\stable-fluid\stable-fluid\stable-fluid\x64\release\test.cu.obj
c:\users\11862\desktop\vs_code\fluid-simulation\stable-fluid\stable-fluid\stable-fluid\x64\release\stable-fluid.tlog\cl.command.1.tlog
c:\users\11862\desktop\vs_code\fluid-simulation\stable-fluid\stable-fluid\stable-fluid\x64\release\stable-fluid.tlog\cl.items.tlog
c:\users\11862\desktop\vs_code\fluid-simulation\stable-fluid\stable-fluid\stable-fluid\x64\release\stable-fluid.tlog\cl.read.1.tlog
c:\users\11862\desktop\vs_code\fluid-simulation\stable-fluid\stable-fluid\stable-fluid\x64\release\stable-fluid.tlog\cl.write.1.tlog
c:\users\11862\desktop\vs_code\fluid-simulation\stable-fluid\stable-fluid\stable-fluid\x64\release\stable-fluid.tlog\cudacompile.read.1u.tlog
c:\users\11862\desktop\vs_code\fluid-simulation\stable-fluid\stable-fluid\stable-fluid\x64\release\stable-fluid.tlog\cudacompile.write.1u.tlog
c:\users\11862\desktop\vs_code\fluid-simulation\stable-fluid\stable-fluid\stable-fluid\x64\release\stable-fluid.tlog\link.command.1.tlog
c:\users\11862\desktop\vs_code\fluid-simulation\stable-fluid\stable-fluid\stable-fluid\x64\release\stable-fluid.tlog\link.read.1.tlog
c:\users\11862\desktop\vs_code\fluid-simulation\stable-fluid\stable-fluid\stable-fluid\x64\release\stable-fluid.tlog\link.write.1.tlog
