(11.14)
1. 更新phi时，solid边界的处理。时间增加，顶部固体的phi反而减小。
	---> 每次advect后都要重新计算SDF
2. 计算SDF（对于非SDF的level set和triangle mesh）
	---> fluid-note
3. 用matrix-free MICCG(0) solve时会发散
	---> 解决方案未知

(11.20)
1. 解决了solve时发散的问题
	---> 把auxiliary vector z 当成了 p
2. 液体体积会一直增加
	---> 解决方案未知
	---> 已修复
3. 修复了液体流动过程中不对称的问题
	---> 求Vy_ave时一处Vy_写成了Vx_
  
(12.02)
1. 更换了更新phi的方式，水的流动性更加真实
	---> 使用粒子更新phi，舍弃用semi-Lagrangian
2. 使用SDF表示固体边界，支持从.obj导入

Todo:
3. cuda加速泊松方程的求解，使用matrix-free MICCG(0)
	---> cuda写法未知
4. 如何优雅地离线渲染流体
	---> pbrt搭建场景方法未知
5. pbrt gpu版本有问题

（12.10）
1. 数值耗散过大，液体显得很“粘”
	---> 考虑优化advect的方式
2. 仅用粒子更新sdf导致有“噪声”
	---> 用论文里的方式 正负粒子+level set
3. 液体会被吸附在固体边界上
	---> 更改边界处理
4. 流固耦合还没做
	---> 下周三之前初步实现流固耦合或者“二相流”



